After 0.86s, these clients are still here:
		remaining client pid: 0 (/kernel/D3314D98-5D40-3CD8-98A4-F1DD46C20E03)
SIGTERM: [1503959694] All buffers flushed
After 2.13s, these clients are still here:
		remaining client pid: 45 (/usr/libexec/mobileassetd/9CD80937-D761-3E70-BFE0-AFFB42BD177E)
		remaining client pid: 0 (/kernel/D3314D98-5D40-3CD8-98A4-F1DD46C20E03)
SIGTERM: [1511806436] All buffers flushed
After 0.59s, these clients are still here:
		remaining client pid: 0 (/kernel/D3314D98-5D40-3CD8-98A4-F1DD46C20E03)
SIGTERM: [1511807644] All buffers flushed
After 1.59s, these clients are still here:
		remaining client pid: 373 (/System/Library/PrivateFrameworks/MessagesKit.framework/Versions/A/Resources/soagent.app/Contents/MacOS/soagent/E7C47F50-C3CC-3A8C-82B7-5558FE1A1E32)
		remaining client pid: 370 (/System/Library/CoreServices/diagnostics_agent/97FEE169-0D02-30EE-82CF-77EE85188AAC)
		remaining client pid: 307 (/System/Library/Frameworks/Accounts.framework/Versions/A/Support/accountsd/82C7AC47-6AD4-393A-BF96-7B9D66F265D2)
		remaining client pid: 283 (/usr/libexec/corecaptured/E883C0D7-FA64-39D5-A177-ACC2EE70A694)
		remaining client pid: 261 (/usr/sbin/cfprefsd/BA79362D-2108-3C88-B117-56F51E76ADC5)
		remaining client pid: 192 (/usr/libexec/symptomsd/F09619AA-28BD-36CD-82E1-D94A4B3EB1A6)
		remaining client pid: 183 (/System/Library/Frameworks/CoreServices.framework/Versions/A/Frameworks/Metadata.framework/Versions/A/Support/mds_stores/AB2A1889-1F95-3828-9984-91683C9EED69)
		remaining client pid: 83 (/usr/libexec/locationd/11F7C0AB-7E53-3D25-8A5F-B550C2365D16)
		remaining client pid: 58 (/System/Library/Frameworks/CoreServices.framework/Versions/A/Frameworks/Metadata.framework/Versions/A/Support/mds/6B268B49-C154-30E2-9F5B-A0804592C79E)
		remaining client pid: 74 (/usr/libexec/opendirectoryd/01A8359C-18A6-33C9-815A-5C528BCD7E18)
		remaining client pid: 81 (/usr/sbin/securityd/36EEEB97-7B5D-3040-9B70-860D2AC4E508)
		remaining client pid: 66 (/usr/libexec/diskarbitrationd/96464C98-0FB6-3802-AE88-E5041427553C)
		remaining client pid: 0 (/kernel/D3314D98-5D40-3CD8-98A4-F1DD46C20E03)
After 2.44s, these clients are still here:
		remaining client pid: 370 (/System/Library/CoreServices/diagnostics_agent/97FEE169-0D02-30EE-82CF-77EE85188AAC)
		remaining client pid: 283 (/usr/libexec/corecaptured/E883C0D7-FA64-39D5-A177-ACC2EE70A694)
		remaining client pid: 261 (/usr/sbin/cfprefsd/BA79362D-2108-3C88-B117-56F51E76ADC5)
		remaining client pid: 183 (/System/Library/Frameworks/CoreServices.framework/Versions/A/Frameworks/Metadata.framework/Versions/A/Support/mds_stores/AB2A1889-1F95-3828-9984-91683C9EED69)
		remaining client pid: 58 (/System/Library/Frameworks/CoreServices.framework/Versions/A/Frameworks/Metadata.framework/Versions/A/Support/mds/6B268B49-C154-30E2-9F5B-A0804592C79E)
		remaining client pid: 81 (/usr/sbin/securityd/36EEEB97-7B5D-3040-9B70-860D2AC4E508)
		remaining client pid: 66 (/usr/libexec/diskarbitrationd/96464C98-0FB6-3802-AE88-E5041427553C)
		remaining client pid: 0 (/kernel/D3314D98-5D40-3CD8-98A4-F1DD46C20E03)
After 2.94s, these clients are still here:
		remaining client pid: 0 (/kernel/D3314D98-5D40-3CD8-98A4-F1DD46C20E03)
SIGTERM: [1511807959] All buffers flushed
After 0.69s, these clients are still here:
		remaining client pid: 0 (/kernel/D3314D98-5D40-3CD8-98A4-F1DD46C20E03)
SIGTERM: [1511808852] All buffers flushed
After 0.65s, these clients are still here:
		remaining client pid: 0 (/kernel/D3314D98-5D40-3CD8-98A4-F1DD46C20E03)
SIGTERM: [1511813136] All buffers flushed
After 0.58s, these clients are still here:
		remaining client pid: 341 (/System/Library/CoreServices/Software Update.app/Contents/Resources/softwareupdate_download_service/BAD9D231-D4AB-31DA-9854-D20F31F8BED9)
		remaining client pid: 274 (/System/Library/PrivateFrameworks/SoftwareUpdate.framework/Versions/A/Resources/suhelperd/1110082B-E236-332A-958D-16D2A5B532F4)
		remaining client pid: 271 (/System/Library/CoreServices/Software Update.app/Contents/Resources/softwareupdated/73030CB2-A818-3A18-A4F5-48A2B543CAEC)
		remaining client pid: 81 (/usr/sbin/securityd/36EEEB97-7B5D-3040-9B70-860D2AC4E508)
		remaining client pid: 0 (/kernel/D3314D98-5D40-3CD8-98A4-F1DD46C20E03)
SIGTERM: [1511910296] All buffers flushed
After 0.67s, these clients are still here:
		remaining client pid: 0 (/kernel/D3314D98-5D40-3CD8-98A4-F1DD46C20E03)
SIGTERM: [1511910639] All buffers flushed
After 0.75s, these clients are still here:
		remaining client pid: 799 (/System/Library/PrivateFrameworks/HelpData.framework/Versions/A/Resources/helpd/065F77D4-5623-3F90-94A6-CDCDD7920F6C)
		remaining client pid: 796 (/System/Library/PrivateFrameworks/ContactsDonation.framework/Versions/A/Support/contactsdonationagent/BF060F24-1A72-3C7E-9F20-3B7CA8A8C90D)
		remaining client pid: 471 (/usr/libexec/rtcreportingd/65B91F65-6AAD-3268-B542-DDFC47CB3C26)
		remaining client pid: 470 (/System/Library/CoreServices/Software Update.app/Contents/Resources/suhelperd/49ACC267-0FEC-3335-8056-459C0728E541)
		remaining client pid: 469 (/System/Library/CoreServices/Software Update.app/Contents/Resources/softwareupdated/B32D1B89-C864-3E4A-A02E-DB2E59720695)
		remaining client pid: 334 (/usr/libexec/languageassetd/2CFE6413-C344-3ED6-BFB6-F0EC9CB02E2F)
		remaining client pid: 84 (/usr/sbin/securityd/023CA844-3C7A-3A3C-ADBD-449B9260AAE8)
		remaining client pid: 70 (/usr/libexec/diskarbitrationd/37231B42-CADC-3B46-BEB3-CFA16F658BE5)
		remaining client pid: 0 (/kernel/4B214D53-883B-3E5F-A115-9FDA17E68BA8)
SIGTERM: [1511912758] All buffers flushed
After 3.72s, these clients are still here:
		remaining client pid: 408 (/System/Library/PrivateFrameworks/ContactsDonation.framework/Versions/A/Support/contactsdonationagent/BF060F24-1A72-3C7E-9F20-3B7CA8A8C90D)
		remaining client pid: 90 (/usr/libexec/displaypolicyd/523956DC-D78B-3CCB-9086-4FF91AFBC493)
		remaining client pid: 0 (/kernel/4B214D53-883B-3E5F-A115-9FDA17E68BA8)
SIGTERM: [1511999528] All buffers flushed
After 0.73s, these clients are still here:
		remaining client pid: 1026 (/System/Library/Frameworks/Security.framework/Versions/A/Resources/KeychainSyncingOverIDSProxy.bundle/Contents/MacOS/KeychainSyncingOverIDSProxy/FCBCAB92-B9C7-3B32-980D-30FB8028A55A)
		remaining client pid: 995 (/System/Library/PrivateFrameworks/ContactsDonation.framework/Versions/A/Support/contactsdonationagent/BF060F24-1A72-3C7E-9F20-3B7CA8A8C90D)
		remaining client pid: 88 (/usr/libexec/locationd/AAE63798-380F-3516-AAB4-FE8C9E370A97)
		remaining client pid: 87 (/usr/sbin/securityd/023CA844-3C7A-3A3C-ADBD-449B9260AAE8)
		remaining client pid: 0 (/kernel/4B214D53-883B-3E5F-A115-9FDA17E68BA8)
SIGTERM: [1521137587] All buffers flushed
After 0.63s, these clients are still here:
		remaining client pid: 263 (/System/Library/PrivateFrameworks/UserActivity.framework/Agents/useractivityd/B782C036-893F-3A56-8029-5E30BB50DAD4)
		remaining client pid: 0 (/kernel/4B214D53-883B-3E5F-A115-9FDA17E68BA8)
SIGTERM: [1525119337] All buffers flushed
After 0.57s, these clients are still here:
		remaining client pid: 0 (/kernel/4B214D53-883B-3E5F-A115-9FDA17E68BA8)
SIGTERM: [1525119413] All buffers flushed
After 0.63s, these clients are still here:
		remaining client pid: 1107 (/System/Library/PrivateFrameworks/DiskImages.framework/Versions/A/Resources/diskimages-helper/87FFA26C-78D0-3A1C-8F77-F69E718C8E97)
		remaining client pid: 992 (/System/Library/CoreServices/ReportCrash/006CA8DE-10FC-3769-B65C-DF88B5EA07AF)
		remaining client pid: 580 (/System/Library/PrivateFrameworks/SafariShared.framework/Versions/A/XPCServices/com.apple.Safari.History.xpc/Contents/MacOS/com.apple.Safari.History/8A6CC52D-1BF2-3228-87B4-031C0E212DAA)
		remaining client pid: 90 (/usr/libexec/displaypolicyd/523956DC-D78B-3CCB-9086-4FF91AFBC493)
		remaining client pid: 88 (/usr/libexec/locationd/AAE63798-380F-3516-AAB4-FE8C9E370A97)
		remaining client pid: 74 (/usr/libexec/diskarbitrationd/37231B42-CADC-3B46-BEB3-CFA16F658BE5)
		remaining client pid: 87 (/usr/sbin/securityd/023CA844-3C7A-3A3C-ADBD-449B9260AAE8)
		remaining client pid: 0 (/kernel/4B214D53-883B-3E5F-A115-9FDA17E68BA8)
SIGTERM: [1525131983] All buffers flushed
After 0.56s, these clients are still here:
		remaining client pid: 843 (/System/Library/PrivateFrameworks/DiskImages.framework/Versions/A/Resources/diskimages-helper/E20C8367-9A3A-3942-86E3-9F938E65D264)
		remaining client pid: 808 (/System/Library/PrivateFrameworks/SkyLight.framework/Versions/A/Resources/WindowServer/EA13E1AC-5CF6-33E8-BD52-622700447E37)
		remaining client pid: 364 (/usr/libexec/rtcreportingd/E1DCC547-A179-3B40-B02C-C94DA25D2772)
		remaining client pid: 275 (/usr/libexec/languageassetd/E988F200-5910-3DF3-8780-68633470458E)
		remaining client pid: 75 (/usr/libexec/diskarbitrationd/9F3563F5-0469-34D4-B37C-E527A5D1B9C0)
		remaining client pid: 87 (/usr/sbin/securityd/C49B14A0-4600-355E-8DC3-46ADD248F429)
		remaining client pid: 0 (/kernel/1B55340B-0B14-3026-8A47-1E139DB63DA3)
SIGTERM: [1525210853] All buffers flushed
After 0.68s, these clients are still here:
		remaining client pid: 344 (/usr/libexec/rtcreportingd/E1DCC547-A179-3B40-B02C-C94DA25D2772)
		remaining client pid: 259 (/usr/libexec/languageassetd/E988F200-5910-3DF3-8780-68633470458E)
		remaining client pid: 149 (/System/Library/PrivateFrameworks/SkyLight.framework/Versions/A/Resources/WindowServer/EA13E1AC-5CF6-33E8-BD52-622700447E37)
		remaining client pid: 87 (/usr/sbin/securityd/C49B14A0-4600-355E-8DC3-46ADD248F429)
		remaining client pid: 0 (/kernel/7134F18E-AAC2-3C5B-B2C4-ABB799B4B9DF)
SIGTERM: [1525212305] All buffers flushed
After 0.51s, these clients are still here:
		remaining client pid: 230 (/System/Library/Frameworks/CoreServices.framework/Versions/A/Frameworks/Metadata.framework/Versions/A/Support/mds_stores/353612B9-BC44-3419-A1C1-1FEF90E48B1C)
		remaining client pid: 66 (/System/Library/Frameworks/CoreServices.framework/Versions/A/Frameworks/Metadata.framework/Versions/A/Support/mds/FF7E6FAF-94FF-36E0-8025-8A580F0360BA)
		remaining client pid: 168 (/System/Library/PrivateFrameworks/SkyLight.framework/Versions/A/Resources/WindowServer/EA13E1AC-5CF6-33E8-BD52-622700447E37)
		remaining client pid: 73 (/usr/libexec/diskarbitrationd/9F3563F5-0469-34D4-B37C-E527A5D1B9C0)
		remaining client pid: 85 (/usr/sbin/securityd/C49B14A0-4600-355E-8DC3-46ADD248F429)
		remaining client pid: 0 (/kernel/7134F18E-AAC2-3C5B-B2C4-ABB799B4B9DF)
SIGTERM: [1525213439] All buffers flushed
After 0.65s, these clients are still here:
		remaining client pid: 991 (/System/Library/PrivateFrameworks/DiskImages.framework/Versions/A/Resources/diskimages-helper/E20C8367-9A3A-3942-86E3-9F938E65D264)
		remaining client pid: 756 (/System/Library/PrivateFrameworks/SkyLight.framework/Versions/A/Resources/WindowServer/EA13E1AC-5CF6-33E8-BD52-622700447E37)
		remaining client pid: 525 (/usr/libexec/rtcreportingd/E1DCC547-A179-3B40-B02C-C94DA25D2772)
		remaining client pid: 400 (/System/Library/CoreServices/Software Update.app/Contents/Resources/suhelperd/D95D3E0F-4EC7-3392-BEBB-ECFD472FE8D5)
		remaining client pid: 397 (/System/Library/CoreServices/Software Update.app/Contents/Resources/softwareupdated/48CA6911-9DCC-3D7E-A0B6-E4A5DCDE99F6)
		remaining client pid: 67 (/usr/libexec/diskarbitrationd/9F3563F5-0469-34D4-B37C-E527A5D1B9C0)
		remaining client pid: 79 (/usr/sbin/securityd/C49B14A0-4600-355E-8DC3-46ADD248F429)
		remaining client pid: 0 (/kernel/7134F18E-AAC2-3C5B-B2C4-ABB799B4B9DF)
After 1.15s, these clients are still here:
		remaining client pid: 0 (/kernel/7134F18E-AAC2-3C5B-B2C4-ABB799B4B9DF)
SIGTERM: [1550094666] All buffers flushed
After 0.51s, these clients are still here:
		remaining client pid: 1304 (/System/Library/PrivateFrameworks/DiskImages.framework/Versions/A/Resources/diskimages-helper/6660861B-1A6E-38FD-AF2D-EB7E318BC8D0)
		remaining client pid: 1203 (/System/Library/PrivateFrameworks/SkyLight.framework/Versions/A/Resources/WindowServer/A149C5C8-3348-3127-B711-8D7FDA5E1194)
		remaining client pid: 351 (/usr/libexec/rtcreportingd/EFC4632F-3351-37CE-B75B-D04E9A2B5AFD)
		remaining client pid: 350 (/System/Library/CoreServices/Software Update.app/Contents/Resources/suhelperd/2C8E6797-D5AF-35D5-987D-2A331DCEFEB1)
		remaining client pid: 349 (/System/Library/CoreServices/Software Update.app/Contents/Resources/softwareupdated/AEFBAAB3-E8EA-3BD0-8F7E-C5CFC521DB04)
		remaining client pid: 259 (/usr/libexec/languageassetd/E988F200-5910-3DF3-8780-68633470458E)
		remaining client pid: 72 (/usr/libexec/diskarbitrationd/190EF73F-C204-31BC-BD51-E1BE4DEAF90A)
		remaining client pid: 84 (/usr/sbin/securityd/DE6CF660-60E1-3367-8931-AF923935D0DC)
		remaining client pid: 0 (/kernel/1AE5ACFD-3B6F-3D74-AD52-31F1430DBC6F)
After 1.01s, these clients are still here:
		remaining client pid: 0 (/kernel/1AE5ACFD-3B6F-3D74-AD52-31F1430DBC6F)
SIGTERM: [1550097973] All buffers flushed
